Using pre-set license
Built from '2021.1/staging' branch; Version is '2021.1.14f1 (51d2f824827f) revision 5362424'; Using compiler version '192528614'; Build Type 'Release'
OS: 'Windows 10 Pro; OS build 16299.1087; Version 1709; 64bit' Language: 'en' Physical Memory: 3934 MB
BatchMode: 1, IsHumanControllingUs: 0, StartBugReporterOnCrash: 0, Is64bit: 1, IsPro: 0

 COMMAND LINE ARGUMENTS:
C:\Program Files\unity\2021.1.14f1\Editor\Unity.exe
-adb2
-batchMode
-noUpm
-name
AssetImportWorker5
-projectPath
G:/unity project/Pong
-logFile
Logs/AssetImportWorker5.log
-srvPort
61985
Successfully changed project path to: G:/unity project/Pong
G:/unity project/Pong
Using Asset Import Pipeline V2.
